<?xml version="1.0" encoding="UTF-8"?>
<testsuite xmlns:xsi="http://www.w3.org/2001/XMLSchema-instance" xsi:noNamespaceSchemaLocation="https://maven.apache.org/surefire/maven-surefire-plugin/xsd/surefire-test-report-3.0.xsd" version="3.0" name="com.udacity.catpoint.security.service.SecurityServiceTest" time="0.599" tests="21" errors="0" skipped="0" failures="0">
  <properties>
[...]
</properties>
  <testcase name="CatDetectedwithActivatedAlarmStatus_set_to_Alarm" classname="com.udacity.catpoint.security.service.SecurityServiceTest" time="0.422"/>
  <testcase name="ArmedAlarmwithActivatedSensorandSensorStatus_Pending_set_to_OFF" classname="com.udacity.catpoint.security.service.SecurityServiceTest" time="0.003"/>
  <testcase name="ActivatedSensorwithPendingAlarmStatus_Set_to_Alarm" classname="com.udacity.catpoint.security.service.SecurityServiceTest" time="0.002"/>
  <testcase name="removeStatusListener" classname="com.udacity.catpoint.security.service.SecurityServiceTest" time="0.001"/>
  <testcase name="SystemArmedCatDetectedStatus_set_to_Alarm" classname="com.udacity.catpoint.security.service.SecurityServiceTest" time="0.004"/>
  <testcase name="AlarmStatusPendingwithSensorInactive_Status_set_to_NoAlarm" classname="com.udacity.catpoint.security.service.SecurityServiceTest" time="0.001"/>
  <testcase name="removeSensor" classname="com.udacity.catpoint.security.service.SecurityServiceTest" time="0.001"/>
  <testcase name="ActivatedAlarmwithSensorsStateChanged_Status_set_to_No_Change(boolean)[1]" classname="com.udacity.catpoint.security.service.SecurityServiceTest" time="0.018"/>
  <testcase name="ActivatedAlarmwithSensorsStateChanged_Status_set_to_No_Change(boolean)[2]" classname="com.udacity.catpoint.security.service.SecurityServiceTest" time="0.002"/>
  <testcase name="SystemArmedStatus_set_to_No_Alarm" classname="com.udacity.catpoint.security.service.SecurityServiceTest" time="0.001"/>
  <testcase name="ArmedAlarmSensorDeactivatedStatus_set_to_Pending" classname="com.udacity.catpoint.security.service.SecurityServiceTest" time="0.003"/>
  <testcase name="addSensor" classname="com.udacity.catpoint.security.service.SecurityServiceTest" time="0.001"/>
  <testcase name="CatNotDetectedAlarmDeactivatedStatus_set_to_No_Alarm" classname="com.udacity.catpoint.security.service.SecurityServiceTest" time="0.075"/>
  <testcase name="SystemArmedthenSensorsDeactivated(ArmingStatus)[1]" classname="com.udacity.catpoint.security.service.SecurityServiceTest" time="0.005"/>
  <testcase name="SystemArmedthenSensorsDeactivated(ArmingStatus)[2]" classname="com.udacity.catpoint.security.service.SecurityServiceTest" time="0.003"/>
  <testcase name="addStatusListener" classname="com.udacity.catpoint.security.service.SecurityServiceTest" time="0.001"/>
  <testcase name="ArmedAlarmwithActivatedSensorandSensorStatus_Pending" classname="com.udacity.catpoint.security.service.SecurityServiceTest" time="0.002"/>
  <testcase name="DeactivatedSensorStatus_set_to_NoChange(AlarmStatus)[1]" classname="com.udacity.catpoint.security.service.SecurityServiceTest" time="0.002"/>
  <testcase name="DeactivatedSensorStatus_set_to_NoChange(AlarmStatus)[2]" classname="com.udacity.catpoint.security.service.SecurityServiceTest" time="0.002"/>
  <testcase name="DeactivatedSensorStatus_set_to_NoChange(AlarmStatus)[3]" classname="com.udacity.catpoint.security.service.SecurityServiceTest" time="0.001"/>
  <testcase name="SystemDeactivatedandSensorArmedStatus_set_to_No_Change" classname="com.udacity.catpoint.security.service.SecurityServiceTest" time="0.001"/>
</testsuite>